<?xml version="1.0" encoding="UTF-8"?>
<!-- Generated by org.testng.reporters.JUnitXMLReporter -->
<testsuite ignored="0" hostname="LAPTOP-KAR4A207" failures="0" tests="5" name="Default test" time="13.894" errors="0" timestamp="2025-03-30T12:43:40 IST">
  <testcase classname="com.spotify.OAuth2.test.PlaylistTestsReuasableMethodUpdatedLombok" name="shouldBeAbletoupdatethePlaylist" time="11.122"/>
  <testcase classname="com.spotify.OAuth2.test.PlaylistTestsReuasableMethodUpdatedLombok" name="shouldbeAbleTocreatePlaylist" time="0.778"/>
  <testcase classname="com.spotify.OAuth2.test.PlaylistTestsReuasableMethodUpdatedLombok" name="shouldbeabletoGetAPlaylist" time="0.687"/>
  <testcase classname="com.spotify.OAuth2.test.PlaylistTestsReuasableMethodUpdatedLombok" name="shouldnotbeAbleTocreatePlaylist" time="0.404"/>
  <testcase classname="com.spotify.OAuth2.test.PlaylistTestsReuasableMethodUpdatedLombok" name="shouldnotbeAbleTocreatePlaylistwithexpiredtoken" time="0.435"/>
</testsuite> <!-- Default test -->
