<?xml version="1.0" encoding="UTF-8"?>
<!-- Generated by org.testng.reporters.JUnitXMLReporter -->
<testsuite ignored="0" hostname="LAPTOP-KAR4A207" failures="0" tests="5" name="Default test" time="5.83" errors="0" timestamp="2025-03-30T14:22:25 IST">
  <testcase classname="com.spotify.OAuth2.test.PlaylistTestsReuasableMethodUpdatedLombok" name="shouldBeAbletoupdatethePlaylist" time="4.27"/>
  <testcase classname="com.spotify.OAuth2.test.PlaylistTestsReuasableMethodUpdatedLombok" name="shouldbeAbleTocreatePlaylist" time="0.549"/>
  <testcase classname="com.spotify.OAuth2.test.PlaylistTestsReuasableMethodUpdatedLombok" name="shouldbeabletoGetAPlaylist" time="0.279"/>
  <testcase classname="com.spotify.OAuth2.test.PlaylistTestsReuasableMethodUpdatedLombok" name="shouldnotbeAbleTocreatePlaylist" time="0.258"/>
  <testcase classname="com.spotify.OAuth2.test.PlaylistTestsReuasableMethodUpdatedLombok" name="shouldnotbeAbleTocreatePlaylistwithexpiredtoken" time="0.249"/>
</testsuite> <!-- Default test -->
