<?xml version="1.0" encoding="UTF-8"?>
<!-- Generated by org.testng.reporters.JUnitXMLReporter -->
<testsuite ignored="0" hostname="LAPTOP-KAR4A207" failures="0" tests="5" name="Test" time="14.801" errors="0" timestamp="2025-03-30T12:17:52 IST">
  <testcase classname="com.spotify.OAuth2.test.PlaylistTestsReuasableMethodUpdatedLombok" name="shouldBeAbletoupdatethePlaylist" time="11.66"/>
  <testcase classname="com.spotify.OAuth2.test.PlaylistTestsReuasableMethodUpdatedLombok" name="shouldbeAbleTocreatePlaylist" time="1.059"/>
  <testcase classname="com.spotify.OAuth2.test.PlaylistTestsReuasableMethodUpdatedLombok" name="shouldbeabletoGetAPlaylist" time="0.475"/>
  <testcase classname="com.spotify.OAuth2.test.PlaylistTestsReuasableMethodUpdatedLombok" name="shouldnotbeAbleTocreatePlaylist" time="0.665"/>
  <testcase classname="com.spotify.OAuth2.test.PlaylistTestsReuasableMethodUpdatedLombok" name="shouldnotbeAbleTocreatePlaylistwithexpiredtoken" time="0.413"/>
</testsuite> <!-- Test -->
